Determining if the pthread_create exist failed with the following output:
Change Dir: /home/wcobalt/Files/Dengine/src/cmake-build-debug/CMakeFiles/CMakeTmp

Run Build Command:"/usr/bin/make" "cmTC_cae04/fast"
/usr/bin/make -f CMakeFiles/cmTC_cae04.dir/build.make CMakeFiles/cmTC_cae04.dir/build
make[1]: вход в каталог «/home/wcobalt/Files/Dengine/src/cmake-build-debug/CMakeFiles/CMakeTmp»
Building C object CMakeFiles/cmTC_cae04.dir/CheckSymbolExists.c.o
/usr/bin/cc    -o CMakeFiles/cmTC_cae04.dir/CheckSymbolExists.c.o   -c /home/wcobalt/Files/Dengine/src/cmake-build-debug/CMakeFiles/CMakeTmp/CheckSymbolExists.c
Linking C executable cmTC_cae04
/home/wcobalt/Files/InstalledPrograms/clion-2018.2.3/bin/cmake/linux/bin/cmake -E cmake_link_script CMakeFiles/cmTC_cae04.dir/link.txt --verbose=1
/usr/bin/cc      CMakeFiles/cmTC_cae04.dir/CheckSymbolExists.c.o  -o cmTC_cae04 
CMakeFiles/cmTC_cae04.dir/CheckSymbolExists.c.o: In function `main':
CheckSymbolExists.c:(.text+0x1b): undefined reference to `pthread_create'
collect2: error: ld returned 1 exit status
CMakeFiles/cmTC_cae04.dir/build.make:86: recipe for target 'cmTC_cae04' failed
make[1]: *** [cmTC_cae04] Error 1
make[1]: выход из каталога «/home/wcobalt/Files/Dengine/src/cmake-build-debug/CMakeFiles/CMakeTmp»
Makefile:121: recipe for target 'cmTC_cae04/fast' failed
make: *** [cmTC_cae04/fast] Error 2

File /home/wcobalt/Files/Dengine/src/cmake-build-debug/CMakeFiles/CMakeTmp/CheckSymbolExists.c:
/* */
#include <pthread.h>

int main(int argc, char** argv)
{
  (void)argv;
#ifndef pthread_create
  return ((int*)(&pthread_create))[argc];
#else
  (void)argc;
  return 0;
#endif
}

Determining if the function pthread_create exists in the pthreads failed with the following output:
Change Dir: /home/wcobalt/Files/Dengine/src/cmake-build-debug/CMakeFiles/CMakeTmp

Run Build Command:"/usr/bin/make" "cmTC_8cf48/fast"
/usr/bin/make -f CMakeFiles/cmTC_8cf48.dir/build.make CMakeFiles/cmTC_8cf48.dir/build
make[1]: вход в каталог «/home/wcobalt/Files/Dengine/src/cmake-build-debug/CMakeFiles/CMakeTmp»
Building C object CMakeFiles/cmTC_8cf48.dir/CheckFunctionExists.c.o
/usr/bin/cc   -DCHECK_FUNCTION_EXISTS=pthread_create   -o CMakeFiles/cmTC_8cf48.dir/CheckFunctionExists.c.o   -c /home/wcobalt/Files/InstalledPrograms/clion-2018.2.3/bin/cmake/linux/share/cmake-3.12/Modules/CheckFunctionExists.c
Linking C executable cmTC_8cf48
/home/wcobalt/Files/InstalledPrograms/clion-2018.2.3/bin/cmake/linux/bin/cmake -E cmake_link_script CMakeFiles/cmTC_8cf48.dir/link.txt --verbose=1
/usr/bin/cc  -DCHECK_FUNCTION_EXISTS=pthread_create    CMakeFiles/cmTC_8cf48.dir/CheckFunctionExists.c.o  -o cmTC_8cf48 -lpthreads 
/usr/bin/ld: cannot find -lpthreads
collect2: error: ld returned 1 exit status
CMakeFiles/cmTC_8cf48.dir/build.make:86: recipe for target 'cmTC_8cf48' failed
make[1]: *** [cmTC_8cf48] Error 1
make[1]: выход из каталога «/home/wcobalt/Files/Dengine/src/cmake-build-debug/CMakeFiles/CMakeTmp»
Makefile:121: recipe for target 'cmTC_8cf48/fast' failed
make: *** [cmTC_8cf48/fast] Error 2


